# 01_bootstrap_env Python 虚拟环境与依赖安装
# started_at=2026-05-20T00:25:05+00:00

[01] 创建/复用 Python 虚拟环境 .venv
Requirement already satisfied: pip in ./.venv/lib/python3.12/site-packages (24.0)
Collecting pip
  Using cached pip-26.1.1-py3-none-any.whl.metadata (4.6 kB)
Collecting setuptools
  Using cached setuptools-82.0.1-py3-none-any.whl.metadata (6.5 kB)
Collecting wheel
  Using cached wheel-0.47.0-py3-none-any.whl.metadata (2.3 kB)
Collecting packaging>=24.0 (from wheel)
  Using cached packaging-26.2-py3-none-any.whl.metadata (3.5 kB)
Using cached pip-26.1.1-py3-none-any.whl (1.8 MB)
Using cached setuptools-82.0.1-py3-none-any.whl (1.0 MB)
Using cached wheel-0.47.0-py3-none-any.whl (32 kB)
Using cached packaging-26.2-py3-none-any.whl (100 kB)
Installing collected packages: setuptools, pip, packaging, wheel
  Attempting uninstall: pip
    Found existing installation: pip 24.0
    Uninstalling pip-24.0:
      Successfully uninstalled pip-24.0
Successfully installed packaging-26.2 pip-26.1.1 setuptools-82.0.1 wheel-0.47.0
[01] 安装 requirements.txt
Collecting fastapi>=0.115 (from -r requirements.txt (line 1))
  Using cached fastapi-0.136.1-py3-none-any.whl.metadata (28 kB)
Collecting uvicorn>=0.30 (from uvicorn[standard]>=0.30->-r requirements.txt (line 2))
  Downloading uvicorn-0.47.0-py3-none-any.whl.metadata (6.7 kB)
Collecting httpx>=0.27 (from -r requirements.txt (line 3))
  Using cached httpx-0.28.1-py3-none-any.whl.metadata (7.1 kB)
Collecting websockets>=12 (from -r requirements.txt (line 4))
  Using cached websockets-16.0-cp312-cp312-manylinux1_x86_64.manylinux_2_28_x86_64.manylinux_2_5_x86_64.whl.metadata (6.8 kB)
Collecting pydantic>=2 (from -r requirements.txt (line 5))
  Using cached pydantic-2.13.4-py3-none-any.whl.metadata (109 kB)
Collecting pydantic-settings>=2 (from -r requirements.txt (line 6))
  Downloading pydantic_settings-2.14.1-py3-none-any.whl.metadata (3.4 kB)
Collecting python-dotenv>=1 (from -r requirements.txt (line 7))
  Using cached python_dotenv-1.2.2-py3-none-any.whl.metadata (27 kB)
Collecting numpy>=1.26 (from -r requirements.txt (line 8))
  Using cached numpy-2.4.6-cp312-cp312-manylinux_2_27_x86_64.manylinux_2_28_x86_64.whl.metadata (6.6 kB)
Collecting pandas>=2.2 (from -r requirements.txt (line 9))
  Using cached pandas-3.0.3-cp312-cp312-manylinux_2_24_x86_64.manylinux_2_28_x86_64.whl.metadata (79 kB)
Collecting sqlalchemy>=2.0 (from -r requirements.txt (line 10))
  Using cached sqlalchemy-2.0.49-cp312-cp312-manylinux2014_x86_64.manylinux_2_17_x86_64.manylinux_2_28_x86_64.whl.metadata (9.5 kB)
Collecting psycopg>=3.2 (from psycopg[binary]>=3.2->-r requirements.txt (line 11))
  Downloading psycopg-3.3.4-py3-none-any.whl.metadata (4.3 kB)
Collecting redis>=5 (from -r requirements.txt (line 12))
  Downloading redis-7.4.0-py3-none-any.whl.metadata (12 kB)
Collecting streamlit>=1.37 (from -r requirements.txt (line 13))
  Downloading streamlit-1.57.0-py3-none-any.whl.metadata (9.6 kB)
Collecting scikit-learn>=1.5 (from -r requirements.txt (line 14))
  Using cached scikit_learn-1.8.0-cp312-cp312-manylinux_2_27_x86_64.manylinux_2_28_x86_64.whl.metadata (11 kB)
Collecting joblib>=1.4 (from -r requirements.txt (line 15))
  Using cached joblib-1.5.3-py3-none-any.whl.metadata (5.5 kB)
Collecting starlette>=0.46.0 (from fastapi>=0.115->-r requirements.txt (line 1))
  Using cached starlette-1.0.0-py3-none-any.whl.metadata (6.3 kB)
Collecting typing-extensions>=4.8.0 (from fastapi>=0.115->-r requirements.txt (line 1))
  Using cached typing_extensions-4.15.0-py3-none-any.whl.metadata (3.3 kB)
Collecting typing-inspection>=0.4.2 (from fastapi>=0.115->-r requirements.txt (line 1))
  Using cached typing_inspection-0.4.2-py3-none-any.whl.metadata (2.6 kB)
Collecting annotated-doc>=0.0.2 (from fastapi>=0.115->-r requirements.txt (line 1))
  Using cached annotated_doc-0.0.4-py3-none-any.whl.metadata (6.6 kB)
Collecting click>=7.0 (from uvicorn>=0.30->uvicorn[standard]>=0.30->-r requirements.txt (line 2))
  Downloading click-8.4.0-py3-none-any.whl.metadata (2.6 kB)
Collecting h11>=0.8 (from uvicorn>=0.30->uvicorn[standard]>=0.30->-r requirements.txt (line 2))
  Using cached h11-0.16.0-py3-none-any.whl.metadata (8.3 kB)
Collecting anyio (from httpx>=0.27->-r requirements.txt (line 3))
  Using cached anyio-4.13.0-py3-none-any.whl.metadata (4.5 kB)
Collecting certifi (from httpx>=0.27->-r requirements.txt (line 3))
  Using cached certifi-2026.4.22-py3-none-any.whl.metadata (2.5 kB)
Collecting httpcore==1.* (from httpx>=0.27->-r requirements.txt (line 3))
  Using cached httpcore-1.0.9-py3-none-any.whl.metadata (21 kB)
Collecting idna (from httpx>=0.27->-r requirements.txt (line 3))
  Using cached idna-3.15-py3-none-any.whl.metadata (7.7 kB)
Collecting annotated-types>=0.6.0 (from pydantic>=2->-r requirements.txt (line 5))
  Using cached annotated_types-0.7.0-py3-none-any.whl.metadata (15 kB)
Collecting pydantic-core==2.46.4 (from pydantic>=2->-r requirements.txt (line 5))
  Using cached pydantic_core-2.46.4-cp312-cp312-manylinux_2_17_x86_64.manylinux2014_x86_64.whl.metadata (6.6 kB)
Collecting python-dateutil>=2.8.2 (from pandas>=2.2->-r requirements.txt (line 9))
  Using cached python_dateutil-2.9.0.post0-py2.py3-none-any.whl.metadata (8.4 kB)
Collecting greenlet>=1 (from sqlalchemy>=2.0->-r requirements.txt (line 10))
  Using cached greenlet-3.5.0-cp312-cp312-manylinux_2_24_x86_64.manylinux_2_28_x86_64.whl.metadata (3.7 kB)
Collecting altair!=5.4.0,!=5.4.1,<7,>=4.0 (from streamlit>=1.37->-r requirements.txt (line 13))
  Downloading altair-6.1.0-py3-none-any.whl.metadata (11 kB)
Collecting blinker<2,>=1.5.0 (from streamlit>=1.37->-r requirements.txt (line 13))
  Downloading blinker-1.9.0-py3-none-any.whl.metadata (1.6 kB)
Collecting cachetools<8,>=5.5 (from streamlit>=1.37->-r requirements.txt (line 13))
  Downloading cachetools-7.1.3-py3-none-any.whl.metadata (5.5 kB)
Collecting gitpython!=3.1.19,<4,>=3.0.7 (from streamlit>=1.37->-r requirements.txt (line 13))
  Downloading gitpython-3.1.50-py3-none-any.whl.metadata (14 kB)
Requirement already satisfied: packaging>=20 in ./.venv/lib/python3.12/site-packages (from streamlit>=1.37->-r requirements.txt (line 13)) (26.2)
Collecting pillow<13,>=7.1.0 (from streamlit>=1.37->-r requirements.txt (line 13))
  Using cached pillow-12.2.0-cp312-cp312-manylinux_2_27_x86_64.manylinux_2_28_x86_64.whl.metadata (8.8 kB)
Collecting pydeck<1,>=0.8.0b4 (from streamlit>=1.37->-r requirements.txt (line 13))
  Downloading pydeck-0.9.2-py2.py3-none-any.whl.metadata (4.2 kB)
Collecting protobuf<8,>=3.20 (from streamlit>=1.37->-r requirements.txt (line 13))
  Downloading protobuf-7.35.0-cp310-abi3-manylinux2014_x86_64.whl.metadata (595 bytes)
Collecting pyarrow>=7.0 (from streamlit>=1.37->-r requirements.txt (line 13))
  Using cached pyarrow-24.0.0-cp312-cp312-manylinux_2_28_x86_64.whl.metadata (3.0 kB)
Collecting requests<3,>=2.27 (from streamlit>=1.37->-r requirements.txt (line 13))
  Using cached requests-2.34.2-py3-none-any.whl.metadata (4.8 kB)
Collecting tenacity<10,>=8.1.0 (from streamlit>=1.37->-r requirements.txt (line 13))
  Downloading tenacity-9.1.4-py3-none-any.whl.metadata (1.2 kB)
Collecting toml<2,>=0.10.1 (from streamlit>=1.37->-r requirements.txt (line 13))
  Downloading toml-0.10.2-py2.py3-none-any.whl.metadata (7.1 kB)
Collecting httptools>=0.6.3 (from streamlit>=1.37->-r requirements.txt (line 13))
  Using cached httptools-0.7.1-cp312-cp312-manylinux1_x86_64.manylinux_2_28_x86_64.manylinux_2_5_x86_64.whl.metadata (3.5 kB)
Collecting python-multipart>=0.0.10 (from streamlit>=1.37->-r requirements.txt (line 13))
  Downloading python_multipart-0.0.29-py3-none-any.whl.metadata (2.1 kB)
Collecting itsdangerous>=2.1.2 (from streamlit>=1.37->-r requirements.txt (line 13))
  Downloading itsdangerous-2.2.0-py3-none-any.whl.metadata (1.9 kB)
Collecting watchdog<7,>=2.1.5 (from streamlit>=1.37->-r requirements.txt (line 13))
  Downloading watchdog-6.0.0-py3-none-manylinux2014_x86_64.whl.metadata (44 kB)
Collecting jinja2 (from altair!=5.4.0,!=5.4.1,<7,>=4.0->streamlit>=1.37->-r requirements.txt (line 13))
  Using cached jinja2-3.1.6-py3-none-any.whl.metadata (2.9 kB)
Collecting jsonschema>=3.0 (from altair!=5.4.0,!=5.4.1,<7,>=4.0->streamlit>=1.37->-r requirements.txt (line 13))
  Using cached jsonschema-4.26.0-py3-none-any.whl.metadata (7.6 kB)
Collecting narwhals>=2.4.0 (from altair!=5.4.0,!=5.4.1,<7,>=4.0->streamlit>=1.37->-r requirements.txt (line 13))
  Downloading narwhals-2.21.2-py3-none-any.whl.metadata (16 kB)
Collecting gitdb<5,>=4.0.1 (from gitpython!=3.1.19,<4,>=3.0.7->streamlit>=1.37->-r requirements.txt (line 13))
  Downloading gitdb-4.0.12-py3-none-any.whl.metadata (1.2 kB)
Collecting smmap<6,>=3.0.1 (from gitdb<5,>=4.0.1->gitpython!=3.1.19,<4,>=3.0.7->streamlit>=1.37->-r requirements.txt (line 13))
  Downloading smmap-5.0.3-py3-none-any.whl.metadata (4.6 kB)
Collecting charset_normalizer<4,>=2 (from requests<3,>=2.27->streamlit>=1.37->-r requirements.txt (line 13))
  Using cached charset_normalizer-3.4.7-cp312-cp312-manylinux2014_x86_64.manylinux_2_17_x86_64.manylinux_2_28_x86_64.whl.metadata (40 kB)
Collecting urllib3<3,>=1.26 (from requests<3,>=2.27->streamlit>=1.37->-r requirements.txt (line 13))
  Using cached urllib3-2.7.0-py3-none-any.whl.metadata (6.9 kB)
Collecting scipy>=1.10.0 (from scikit-learn>=1.5->-r requirements.txt (line 14))
  Using cached scipy-1.17.1-cp312-cp312-manylinux_2_27_x86_64.manylinux_2_28_x86_64.whl.metadata (62 kB)
Collecting threadpoolctl>=3.2.0 (from scikit-learn>=1.5->-r requirements.txt (line 14))
  Using cached threadpoolctl-3.6.0-py3-none-any.whl.metadata (13 kB)
Collecting MarkupSafe>=2.0 (from jinja2->altair!=5.4.0,!=5.4.1,<7,>=4.0->streamlit>=1.37->-r requirements.txt (line 13))
  Using cached markupsafe-3.0.3-cp312-cp312-manylinux2014_x86_64.manylinux_2_17_x86_64.manylinux_2_28_x86_64.whl.metadata (2.7 kB)
Collecting attrs>=22.2.0 (from jsonschema>=3.0->altair!=5.4.0,!=5.4.1,<7,>=4.0->streamlit>=1.37->-r requirements.txt (line 13))
  Using cached attrs-26.1.0-py3-none-any.whl.metadata (8.8 kB)
Collecting jsonschema-specifications>=2023.03.6 (from jsonschema>=3.0->altair!=5.4.0,!=5.4.1,<7,>=4.0->streamlit>=1.37->-r requirements.txt (line 13))
  Using cached jsonschema_specifications-2025.9.1-py3-none-any.whl.metadata (2.9 kB)
Collecting referencing>=0.28.4 (from jsonschema>=3.0->altair!=5.4.0,!=5.4.1,<7,>=4.0->streamlit>=1.37->-r requirements.txt (line 13))
  Using cached referencing-0.37.0-py3-none-any.whl.metadata (2.8 kB)
Collecting rpds-py>=0.25.0 (from jsonschema>=3.0->altair!=5.4.0,!=5.4.1,<7,>=4.0->streamlit>=1.37->-r requirements.txt (line 13))
  Using cached rpds_py-0.30.0-cp312-cp312-manylinux_2_17_x86_64.manylinux2014_x86_64.whl.metadata (4.1 kB)
Collecting psycopg-binary==3.3.4 (from psycopg[binary]>=3.2->-r requirements.txt (line 11))
  Downloading psycopg_binary-3.3.4-cp312-cp312-manylinux2014_x86_64.manylinux_2_17_x86_64.whl.metadata (2.7 kB)
Collecting six>=1.5 (from python-dateutil>=2.8.2->pandas>=2.2->-r requirements.txt (line 9))
  Using cached six-1.17.0-py2.py3-none-any.whl.metadata (1.7 kB)
Collecting pyyaml>=5.1 (from uvicorn[standard]>=0.30->-r requirements.txt (line 2))
  Using cached pyyaml-6.0.3-cp312-cp312-manylinux2014_x86_64.manylinux_2_17_x86_64.manylinux_2_28_x86_64.whl.metadata (2.4 kB)
Collecting uvloop>=0.15.1 (from uvicorn[standard]>=0.30->-r requirements.txt (line 2))
  Using cached uvloop-0.22.1-cp312-cp312-manylinux2014_x86_64.manylinux_2_17_x86_64.manylinux_2_28_x86_64.whl.metadata (4.9 kB)
Collecting watchfiles>=0.20 (from uvicorn[standard]>=0.30->-r requirements.txt (line 2))
  Downloading watchfiles-1.2.0-cp312-cp312-manylinux_2_17_x86_64.manylinux2014_x86_64.whl.metadata (4.9 kB)
Using cached fastapi-0.136.1-py3-none-any.whl (117 kB)
Downloading uvicorn-0.47.0-py3-none-any.whl (71 kB)
Using cached httpx-0.28.1-py3-none-any.whl (73 kB)
Using cached httpcore-1.0.9-py3-none-any.whl (78 kB)
Using cached websockets-16.0-cp312-cp312-manylinux1_x86_64.manylinux_2_28_x86_64.manylinux_2_5_x86_64.whl (184 kB)
Using cached pydantic-2.13.4-py3-none-any.whl (472 kB)
Using cached pydantic_core-2.46.4-cp312-cp312-manylinux_2_17_x86_64.manylinux2014_x86_64.whl (2.1 MB)
Downloading pydantic_settings-2.14.1-py3-none-any.whl (60 kB)
Using cached python_dotenv-1.2.2-py3-none-any.whl (22 kB)
Using cached numpy-2.4.6-cp312-cp312-manylinux_2_27_x86_64.manylinux_2_28_x86_64.whl (16.6 MB)
Using cached pandas-3.0.3-cp312-cp312-manylinux_2_24_x86_64.manylinux_2_28_x86_64.whl (10.9 MB)
Using cached sqlalchemy-2.0.49-cp312-cp312-manylinux2014_x86_64.manylinux_2_17_x86_64.manylinux_2_28_x86_64.whl (3.4 MB)
Downloading psycopg-3.3.4-py3-none-any.whl (213 kB)
Downloading redis-7.4.0-py3-none-any.whl (409 kB)
Downloading streamlit-1.57.0-py3-none-any.whl (9.2 MB)
   ━━━━━━━━━━━━━━━━━━━━━━━━━━━━━━━━━━━━━━━━ 9.2/9.2 MB 16.3 MB/s  0:00:00
Downloading altair-6.1.0-py3-none-any.whl (796 kB)
   ━━━━━━━━━━━━━━━━━━━━━━━━━━━━━━━━━━━━━━━━ 797.0/797.0 kB 12.4 MB/s  0:00:00
Downloading blinker-1.9.0-py3-none-any.whl (8.5 kB)
Downloading cachetools-7.1.3-py3-none-any.whl (16 kB)
Downloading click-8.4.0-py3-none-any.whl (116 kB)
Downloading gitpython-3.1.50-py3-none-any.whl (212 kB)
Downloading gitdb-4.0.12-py3-none-any.whl (62 kB)
Using cached pillow-12.2.0-cp312-cp312-manylinux_2_27_x86_64.manylinux_2_28_x86_64.whl (7.1 MB)
Downloading protobuf-7.35.0-cp310-abi3-manylinux2014_x86_64.whl (327 kB)
Downloading pydeck-0.9.2-py2.py3-none-any.whl (11.3 MB)
   ━━━━━━━━━━━━━━━━━━━━━━━━━━━━━━━━━━━━━━━━ 11.3/11.3 MB 16.9 MB/s  0:00:00
Using cached requests-2.34.2-py3-none-any.whl (73 kB)
Using cached charset_normalizer-3.4.7-cp312-cp312-manylinux2014_x86_64.manylinux_2_17_x86_64.manylinux_2_28_x86_64.whl (216 kB)
Using cached idna-3.15-py3-none-any.whl (72 kB)
Downloading smmap-5.0.3-py3-none-any.whl (24 kB)
Downloading tenacity-9.1.4-py3-none-any.whl (28 kB)
Downloading toml-0.10.2-py2.py3-none-any.whl (16 kB)
Using cached typing_extensions-4.15.0-py3-none-any.whl (44 kB)
Using cached urllib3-2.7.0-py3-none-any.whl (131 kB)
Downloading watchdog-6.0.0-py3-none-manylinux2014_x86_64.whl (79 kB)
Using cached scikit_learn-1.8.0-cp312-cp312-manylinux_2_27_x86_64.manylinux_2_28_x86_64.whl (8.9 MB)
Using cached joblib-1.5.3-py3-none-any.whl (309 kB)
Using cached annotated_doc-0.0.4-py3-none-any.whl (5.3 kB)
Using cached annotated_types-0.7.0-py3-none-any.whl (13 kB)
Using cached anyio-4.13.0-py3-none-any.whl (114 kB)
Using cached certifi-2026.4.22-py3-none-any.whl (135 kB)
Using cached greenlet-3.5.0-cp312-cp312-manylinux_2_24_x86_64.manylinux_2_28_x86_64.whl (611 kB)
Using cached h11-0.16.0-py3-none-any.whl (37 kB)
Using cached httptools-0.7.1-cp312-cp312-manylinux1_x86_64.manylinux_2_28_x86_64.manylinux_2_5_x86_64.whl (517 kB)
Downloading itsdangerous-2.2.0-py3-none-any.whl (16 kB)
Using cached jinja2-3.1.6-py3-none-any.whl (134 kB)
Using cached jsonschema-4.26.0-py3-none-any.whl (90 kB)
Using cached attrs-26.1.0-py3-none-any.whl (67 kB)
Using cached jsonschema_specifications-2025.9.1-py3-none-any.whl (18 kB)
Using cached markupsafe-3.0.3-cp312-cp312-manylinux2014_x86_64.manylinux_2_17_x86_64.manylinux_2_28_x86_64.whl (22 kB)
Downloading narwhals-2.21.2-py3-none-any.whl (451 kB)
Downloading psycopg_binary-3.3.4-cp312-cp312-manylinux2014_x86_64.manylinux_2_17_x86_64.whl (5.2 MB)
   ━━━━━━━━━━━━━━━━━━━━━━━━━━━━━━━━━━━━━━━━ 5.2/5.2 MB 17.1 MB/s  0:00:00
Using cached pyarrow-24.0.0-cp312-cp312-manylinux_2_28_x86_64.whl (48.9 MB)
Using cached python_dateutil-2.9.0.post0-py2.py3-none-any.whl (229 kB)
Downloading python_multipart-0.0.29-py3-none-any.whl (29 kB)
Using cached referencing-0.37.0-py3-none-any.whl (26 kB)
Using cached rpds_py-0.30.0-cp312-cp312-manylinux_2_17_x86_64.manylinux2014_x86_64.whl (394 kB)
Using cached scipy-1.17.1-cp312-cp312-manylinux_2_27_x86_64.manylinux_2_28_x86_64.whl (35.2 MB)
Using cached six-1.17.0-py2.py3-none-any.whl (11 kB)
Using cached starlette-1.0.0-py3-none-any.whl (72 kB)
Using cached threadpoolctl-3.6.0-py3-none-any.whl (18 kB)
Using cached typing_inspection-0.4.2-py3-none-any.whl (14 kB)
Using cached pyyaml-6.0.3-cp312-cp312-manylinux2014_x86_64.manylinux_2_17_x86_64.manylinux_2_28_x86_64.whl (807 kB)
Using cached uvloop-0.22.1-cp312-cp312-manylinux2014_x86_64.manylinux_2_17_x86_64.manylinux_2_28_x86_64.whl (4.4 MB)
Downloading watchfiles-1.2.0-cp312-cp312-manylinux_2_17_x86_64.manylinux2014_x86_64.whl (456 kB)
Installing collected packages: websockets, watchdog, uvloop, urllib3, typing-extensions, toml, threadpoolctl, tenacity, smmap, six, rpds-py, redis, pyyaml, python-multipart, python-dotenv, pyarrow, psycopg-binary, protobuf, pillow, numpy, narwhals, MarkupSafe, joblib, itsdangerous, idna, httptools, h11, greenlet, click, charset_normalizer, certifi, cachetools, blinker, attrs, annotated-types, annotated-doc, uvicorn, typing-inspection, sqlalchemy, scipy, requests, referencing, python-dateutil, pydantic-core, psycopg, jinja2, httpcore, gitdb, anyio, watchfiles, starlette, scikit-learn, pydeck, pydantic, pandas, jsonschema-specifications, httpx, gitpython, pydantic-settings, jsonschema, fastapi, altair, streamlit

Successfully installed MarkupSafe-3.0.3 altair-6.1.0 annotated-doc-0.0.4 annotated-types-0.7.0 anyio-4.13.0 attrs-26.1.0 blinker-1.9.0 cachetools-7.1.3 certifi-2026.4.22 charset_normalizer-3.4.7 click-8.4.0 fastapi-0.136.1 gitdb-4.0.12 gitpython-3.1.50 greenlet-3.5.0 h11-0.16.0 httpcore-1.0.9 httptools-0.7.1 httpx-0.28.1 idna-3.15 itsdangerous-2.2.0 jinja2-3.1.6 joblib-1.5.3 jsonschema-4.26.0 jsonschema-specifications-2025.9.1 narwhals-2.21.2 numpy-2.4.6 pandas-3.0.3 pillow-12.2.0 protobuf-7.35.0 psycopg-3.3.4 psycopg-binary-3.3.4 pyarrow-24.0.0 pydantic-2.13.4 pydantic-core-2.46.4 pydantic-settings-2.14.1 pydeck-0.9.2 python-dateutil-2.9.0.post0 python-dotenv-1.2.2 python-multipart-0.0.29 pyyaml-6.0.3 redis-7.4.0 referencing-0.37.0 requests-2.34.2 rpds-py-0.30.0 scikit-learn-1.8.0 scipy-1.17.1 six-1.17.0 smmap-5.0.3 sqlalchemy-2.0.49 starlette-1.0.0 streamlit-1.57.0 tenacity-9.1.4 threadpoolctl-3.6.0 toml-0.10.2 typing-extensions-4.15.0 typing-inspection-0.4.2 urllib3-2.7.0 uvicorn-0.47.0 uvloop-0.22.1 watchdog-6.0.0 watchfiles-1.2.0 websockets-16.0
[01] 已创建 .env；请稍后填入 ODDS_API_KEY。
[01] 验证核心包导入
[01] imports OK
[01] hedge sample {'first_leg_price': 0.4, 'second_leg_target': 0.4, 'gross_locked_profit_per_contract': 0.19999999999999996, 'net_locked_profit_per_contract': 0.19999999999999996, 'roi_on_cost': 0.24999999999999994}
[01] threshold sample 0.0
[01] 环境安装完成。

# finished_at=2026-05-20T00:25:26+00:00 returncode=0 elapsed_seconds=20.94
