# 03_probability_api 概率 API 与对冲计算验证
# started_at=2026-05-20T00:39:45+00:00

[03] 启动/复用 FastAPI 服务 port=8000
[03] API pid=5642, log=logs/api.log
[03] 等待 /health
[03] API health OK
[03] 测试锁利计算：骑士 0.40 + 尼克斯目标 0.40
{
    "first_leg_price": 0.4,
    "second_leg_target": 0.4,
    "gross_locked_profit_per_contract": 0.19999999999999996,
    "net_locked_profit_per_contract": 0.19999999999999996,
    "roi_on_cost": 0.24999999999999994
}
[03] 测试阈值触达模拟：当前 0.60 目标 0.40
{
    "hit_probability": 0.0,
    "expected_first_hit_minute": null,
    "paths": 5000,
    "dt_minutes": 0.25,
    "model": "logit_OU_baseline"
}
[03] API 阶段完成。

# finished_at=2026-05-20T00:39:47+00:00 returncode=0 elapsed_seconds=1.15
