# 06_gpu_monte_carlo_check GPU 与 Monte Carlo 性能检查
# started_at=2026-05-20T00:42:14+00:00

[06] nvidia-smi 检查
NVIDIA GeForce RTX 5070, 591.44, 12227 MiB
[06] PyTorch / CUDA smoke test
PyTorch is not installed. Run scripts/install_gpu_pytorch.sh or install from PyTorch official selector.
[06] Monte Carlo benchmark
{
  "cpu": {
    "hit_probability": 0.0,
    "expected_first_hit_minute": null,
    "paths": 200000,
    "dt_minutes": 0.25,
    "model": "logit_OU_baseline",
    "device": "cpu_numpy",
    "elapsed_seconds": 0.3030018220015336,
    "paths_per_second": 660062.0375114039
  },
  "gpu": {
    "device": "cuda",
    "available": false,
    "reason": "torch import failed: No module named 'torch'"
  }
}
[06] GPU/Monte Carlo 阶段完成。

# finished_at=2026-05-20T00:42:14+00:00 returncode=0 elapsed_seconds=0.45
