# 06_gpu_monte_carlo_check GPU 与 Monte Carlo 性能检查
# started_at=2026-05-20T00:46:10+00:00

[06] nvidia-smi 检查
NVIDIA GeForce RTX 5070, 591.44, 12227 MiB
[06] PyTorch / CUDA smoke test
torch version: 2.11.0+cu128
cuda available: True
cuda version: 12.8
device count: 1
device 0: NVIDIA GeForce RTX 5070
GPU matmul smoke test OK: 3940.39599609375
[06] Monte Carlo benchmark
{
  "cpu": {
    "hit_probability": 0.0,
    "expected_first_hit_minute": null,
    "paths": 200000,
    "dt_minutes": 0.25,
    "model": "logit_OU_baseline",
    "device": "cpu_numpy",
    "elapsed_seconds": 0.292799158998605,
    "paths_per_second": 683062.0712300369
  },
  "gpu": {
    "device": "NVIDIA GeForce RTX 5070",
    "available": true,
    "hit_probability": 0.0,
    "paths": 200000,
    "minutes": 24.0,
    "elapsed_seconds": 0.04476956600046833,
    "paths_per_second": 4467320.500670206
  }
}
[06] GPU/Monte Carlo 阶段完成。

# finished_at=2026-05-20T00:46:13+00:00 returncode=0 elapsed_seconds=2.82
