# 17_paper_position_tracker 纸面持仓追踪与第二腿状态
# started_at=2026-05-20T01:37:19+00:00

[17] 检查输入报告
[17] 生成/更新纸面持仓追踪报告
{
  "status": "ok",
  "generated_at": "2026-05-20T01:37:19+00:00",
  "mode": "paper_position_tracking_only",
  "auto_trading_enabled": false,
  "risk_status": "ok",
  "positions_configured": 1,
  "positions_evaluated": 1,
  "ready_second_legs": 0,
  "high_hit_watchlist": 0,
  "blocked_positions": 0,
  "positions": [
    {
      "position_id": "paper_cavaliers_040_to_knicks_040",
      "status": "open",
      "paper_only": true,
      "event_id": "7e2d40a6d3b163e318b7abbe026c40c1",
      "home_team": "New York Knicks",
      "away_team": "Cleveland Cavaliers",
      "first_leg_outcome": "Cleveland Cavaliers",
      "opposite_outcome": "New York Knicks",
      "quantity": 1.0,
      "first_leg_price": 0.4,
      "opposite_target_price": 0.4,
      "current_first_fair_prob": 0.3480157295118893,
      "current_opposite_fair_prob": 0.6519842704881107,
      "opposite_target_gap": 0.2519842704881107,
      "hit_probability": 0.0,
      "expected_first_hit_minute": null,
      "net_locked_profit_per_contract_if_hit": 0.19499999999999995,
      "total_net_locked_profit_if_hit": 0.19499999999999995,
      "mark_pnl_if_unhedged_now": -0.05198427048811072,
      "estimated_second_leg_cost_if_ready": null,
      "expected_pnl_per_contract": -0.05198427048811069,
      "latest_age_seconds": 6.937333,
      "action": "wait",
      "reasons": [
        "target_not_hit_yet"
      ]
    }
  ]
}
positions_config=data/paper_positions/open_positions.json
saved data/reports/paper_position_status.json
saved data/reports/paper_position_status.csv
[17] 重启 API 加载 /paper/positions
[17] API health OK
[17] 重启 dashboard 加载纸面持仓面板
[17] dashboard reachable: http://127.0.0.1:8501
[17] 纸面持仓摘要
status=ok mode=paper_position_tracking_only auto_trading_enabled=False
positions=1 ready=0 high_hit=0 blocked=0
wait: Cleveland Cavaliers @ 0.40 -> New York Knicks target 0.40; current_opposite=0.6520 hit=0.000 mark_pnl=-0.0520
[17] Phase 17 完成。

# finished_at=2026-05-20T01:37:22+00:00 returncode=0 elapsed_seconds=3.13
